babykicks/tags/v_1.1/app/build/outputs/logs/manifest-merger-release-report.txt
-- Merging decision tree log ---
manifest
ADDED from src\main\AndroidManifest.xml:2:1-50:12
	package
		ADDED from src\main\AndroidManifest.xml:3:5-35
		INJECTED from src\main\AndroidManifest.xml
		INJECTED from src\main\AndroidManifest.xml
	android:versionName
		INJECTED from src\main\AndroidManifest.xml
		INJECTED from src\main\AndroidManifest.xml
	xmlns:android
		ADDED from src\main\AndroidManifest.xml:2:11-69
	android:versionCode
		INJECTED from src\main\AndroidManifest.xml
		INJECTED from src\main\AndroidManifest.xml
uses-permission#android.permission.INTERNET
ADDED from src\main\AndroidManifest.xml:5:5-66
	android:name
		ADDED from src\main\AndroidManifest.xml:5:22-64
uses-permission#android.permission.ACCESS_NETWORK_STATE
ADDED from src\main\AndroidManifest.xml:6:5-78
	android:name
		ADDED from src\main\AndroidManifest.xml:6:22-76
application
ADDED from src\main\AndroidManifest.xml:8:5-49:19
MERGED from [com.google.android.gms:play-services-drive:10.0.1] AndroidManifest.xml:18:5-19
MERGED from [com.google.android.gms:play-services-base:10.0.1] AndroidManifest.xml:18:5-20:19
MERGED from [com.google.android.gms:play-services-tasks:10.0.1] AndroidManifest.xml:4:5-19
MERGED from [com.google.android.gms:play-services-basement:10.0.1] AndroidManifest.xml:19:5-21:19
MERGED from [com.android.support:design:25.1.0] AndroidManifest.xml:25:5-20
MERGED from [com.android.support:appcompat-v7:25.1.0] AndroidManifest.xml:25:5-20
MERGED from [com.android.support:animated-vector-drawable:25.1.0] AndroidManifest.xml:22:5-20
MERGED from [com.android.support:support-vector-drawable:25.1.0] AndroidManifest.xml:23:5-20
MERGED from [com.android.support:transition:25.1.0] AndroidManifest.xml:22:5-20
MERGED from [com.android.support:support-v4:25.1.0] AndroidManifest.xml:25:5-20
MERGED from [com.android.support:support-fragment:25.1.0] AndroidManifest.xml:25:5-20
MERGED from [com.android.support:support-media-compat:25.1.0] AndroidManifest.xml:25:5-20
MERGED from [com.android.support:support-core-ui:25.1.0] AndroidManifest.xml:25:5-20
MERGED from [com.android.support:support-core-utils:25.1.0] AndroidManifest.xml:25:5-20
MERGED from [com.android.support:support-compat:25.1.0] AndroidManifest.xml:25:5-20
	android:label
		ADDED from src\main\AndroidManifest.xml:11:9-41
	android:supportsRtl
		ADDED from src\main\AndroidManifest.xml:12:9-35
	android:allowBackup
		ADDED from src\main\AndroidManifest.xml:9:9-35
	android:icon
		ADDED from src\main\AndroidManifest.xml:10:9-43
	android:theme
		ADDED from src\main\AndroidManifest.xml:13:9-40
meta-data#com.google.android.gms.version
ADDED from src\main\AndroidManifest.xml:14:9-15:68
MERGED from [com.google.android.gms:play-services-basement:10.0.1] AndroidManifest.xml:20:9-121
	android:value
		ADDED from src\main\AndroidManifest.xml:15:13-66
	android:name
		ADDED from src\main\AndroidManifest.xml:14:20-65
activity#hashan0314.babykicks.MainActivity
ADDED from src\main\AndroidManifest.xml:16:9-24:20
	android:label
		ADDED from src\main\AndroidManifest.xml:18:13-45
	android:theme
		ADDED from src\main\AndroidManifest.xml:19:13-56
	android:name
		ADDED from src\main\AndroidManifest.xml:17:13-41
intent-filter#android.intent.action.MAIN+android.intent.category.LAUNCHER
ADDED from src\main\AndroidManifest.xml:20:13-23:29
action#android.intent.action.MAIN
ADDED from src\main\AndroidManifest.xml:21:17-69
	android:name
		ADDED from src\main\AndroidManifest.xml:21:25-66
category#android.intent.category.LAUNCHER
ADDED from src\main\AndroidManifest.xml:22:17-77
	android:name
		ADDED from src\main\AndroidManifest.xml:22:27-74
activity#hashan0314.babykicks.ViewHistoryActivity
ADDED from src\main\AndroidManifest.xml:25:9-36:20
	android:label
		ADDED from src\main\AndroidManifest.xml:26:13-56
	android:parentActivityName
		ADDED from src\main\AndroidManifest.xml:28:13-75
	android:theme
		ADDED from src\main\AndroidManifest.xml:27:13-56
	android:name
		ADDED from src\main\AndroidManifest.xml:25:19-54
meta-data#android.support.PARENT_ACTIVITY
ADDED from src\main\AndroidManifest.xml:29:13-31:69
	android:value
		ADDED from src\main\AndroidManifest.xml:31:17-66
	android:name
		ADDED from src\main\AndroidManifest.xml:30:17-63
intent-filter#android.intent.category.DEFAULT+hashan0314.babykicks.VIEWHISTORYACTIVITY
ADDED from src\main\AndroidManifest.xml:32:13-35:29
action#hashan0314.babykicks.VIEWHISTORYACTIVITY
ADDED from src\main\AndroidManifest.xml:33:17-82
	android:name
		ADDED from src\main\AndroidManifest.xml:33:25-80
category#android.intent.category.DEFAULT
ADDED from src\main\AndroidManifest.xml:34:17-75
	android:name
		ADDED from src\main\AndroidManifest.xml:34:27-73
activity#hashan0314.babykicks.SettingsActivity
ADDED from src\main\AndroidManifest.xml:37:9-48:20
	android:label
		ADDED from src\main\AndroidManifest.xml:38:13-52
	android:parentActivityName
		ADDED from src\main\AndroidManifest.xml:40:13-75
	android:theme
		ADDED from src\main\AndroidManifest.xml:39:13-56
	android:name
		ADDED from src\main\AndroidManifest.xml:37:19-51
intent-filter#android.intent.category.DEFAULT+hashan0314.babykicks.SETTINGSACIVITY
ADDED from src\main\AndroidManifest.xml:44:13-47:29
action#hashan0314.babykicks.SETTINGSACIVITY
ADDED from src\main\AndroidManifest.xml:45:17-78
	android:name
		ADDED from src\main\AndroidManifest.xml:45:25-76
uses-sdk
INJECTED from src\main\AndroidManifest.xml reason: use-sdk injection requested
MERGED from [com.google.android.gms:play-services-drive:10.0.1] AndroidManifest.xml:17:5-42
MERGED from [com.google.android.gms:play-services-base:10.0.1] AndroidManifest.xml:17:5-42
MERGED from [com.google.android.gms:play-services-tasks:10.0.1] AndroidManifest.xml:3:5-42
MERGED from [com.google.android.gms:play-services-basement:10.0.1] AndroidManifest.xml:17:5-42
MERGED from [com.android.support:design:25.1.0] AndroidManifest.xml:21:5-23:62
MERGED from [com.android.support:appcompat-v7:25.1.0] AndroidManifest.xml:21:5-23:78
MERGED from [com.android.support:animated-vector-drawable:25.1.0] AndroidManifest.xml:20:5-44
MERGED from [com.android.support:support-vector-drawable:25.1.0] AndroidManifest.xml:21:5-43
MERGED from [com.android.support:recyclerview-v7:25.1.0] AndroidManifest.xml:20:5-43
MERGED from [com.android.support:transition:25.1.0] AndroidManifest.xml:20:5-44
MERGED from [com.android.support:support-v4:25.1.0] AndroidManifest.xml:21:5-23:54
MERGED from [com.android.support:support-fragment:25.1.0] AndroidManifest.xml:21:5-23:60
MERGED from [com.android.support:support-media-compat:25.1.0] AndroidManifest.xml:21:5-23:63
MERGED from [com.android.support:support-core-ui:25.1.0] AndroidManifest.xml:21:5-23:58
MERGED from [com.android.support:support-core-utils:25.1.0] AndroidManifest.xml:21:5-23:61
MERGED from [com.android.support:support-compat:25.1.0] AndroidManifest.xml:21:5-23:58
	tools:overrideLibrary
		ADDED from [com.android.support:design:25.1.0] AndroidManifest.xml:23:9-59
	android:targetSdkVersion
		INJECTED from src\main\AndroidManifest.xml
		INJECTED from src\main\AndroidManifest.xml
	android:minSdkVersion
		INJECTED from src\main\AndroidManifest.xml
		INJECTED from src\main\AndroidManifest.xml
activity#com.google.android.gms.common.api.GoogleApiActivity
ADDED from [com.google.android.gms:play-services-base:10.0.1] AndroidManifest.xml:19:9-172
	android:exported
		ADDED from [com.google.android.gms:play-services-base:10.0.1] AndroidManifest.xml:19:146-170
	android:theme
		ADDED from [com.google.android.gms:play-services-base:10.0.1] AndroidManifest.xml:19:86-145
	android:name
		ADDED from [com.google.android.gms:play-services-base:10.0.1] AndroidManifest.xml:19:19-85